Using pre-set license
Built from '2020.3/staging' branch; Version is '2020.3.9f1 (108be757e447) revision 1084391'; Using compiler version '192528614'; Build Type 'Release'
OS: 'Windows 10 Home; OS build 19042.1526; Version 2009; 64bit' Language: 'es' Physical Memory: 16322 MB
BatchMode: 1, IsHumanControllingUs: 0, StartBugReporterOnCrash: 0, Is64bit: 1, IsPro: 0

 COMMAND LINE ARGUMENTS:
C:\Program Files\Unity\Hub\Editor\2020.3.9f1\Editor\Unity.exe
-adb2
-batchMode
-noUpm
-name
AssetImportWorker0
-projectPath
D:/UNITYYYY/entregable_9/entregable_9/entregable_9
-logFile
Logs/AssetImportWorker0.log
-srvPort
60155
Successfully changed project path to: D:/UNITYYYY/entregable_9/entregable_9/entregable_9
D:/UNITYYYY/entregable_9/entregable_9/entregable_9
Using Asset Import Pipeline V2.
Refreshing native plugins compatible for Editor in 20.53 ms, found 0 plugins.
Preloading 0 native plugins for Editor in 0.00 ms.
Initialize engine version: 2020.3.9f1 (108be757e447)
[Subsystems] Discovering subsystems at path C:/Program Files/Unity/Hub/Editor/2020.3.9f1/Editor/Data/Resources/UnitySubsystems
[Subsystems] Discovering subsystems at path D:/UNITYYYY/entregable_9/entregable_9/entregable_9/Assets
GfxDevice: creating device client; threaded=0
Direct3D:
    Version:  Direct3D 11.0 [level 11.1]
    Renderer: NVIDIA GeForce RTX 2060 SUPER (ID=0x1f06)
    Vendor:   
    VRAM:     8031 MB
    Driver:   27.21.14.5671
Initialize mono
Mono path[0] = 'C:/Program Files/Unity/Hub/Editor/2020.3.9f1/Editor/Data/Managed'
Mono path[1] = 'C:/Program Files/Unity/Hub/Editor/2020.3.9f1/Editor/Data/MonoBleedingEdge/lib/mono/unityjit'
Mono config path = 'C:/Program Files/Unity/Hub/Editor/2020.3.9f1/Editor/Data/MonoBleedingEdge/etc'
Using monoOptions --debugger-agent=transport=dt_socket,embedding=1,server=y,suspend=n,address=127.0.0.1:56896
Begin MonoManager ReloadAssembly
Registering precompiled unity dll's ...
Register platform support module: C:/Program Files/Unity/Hub/Editor/2020.3.9f1/Editor/Data/PlaybackEngines/WindowsStandaloneSupport/UnityEditor.WindowsStandalone.Extensions.dll
Registered in 0.002011 seconds.
Native extension for WindowsStandalone target not found
Refreshing native plugins compatible for Editor in 21.90 ms, found 0 plugins.
Preloading 0 native plugins for Editor in 0.00 ms.
Mono: successfully reloaded assembly
- Completed reload, in  1.151 seconds
Platform modules already initialized, skipping
Registering precompiled user dll's ...
Registered in 0.000640 seconds.
Begin MonoManager ReloadAssembly
Native extension for WindowsStandalone target not found
Refreshing native plugins compatible for Editor in 0.17 ms, found 0 plugins.
Preloading 0 native plugins for Editor in 0.00 ms.
Mono: successfully reloaded assembly
- Completed reload, in  0.914 seconds
Platform modules already initialized, skipping
========================================================================
Worker process is ready to serve import requests
Launched and connected shader compiler UnityShaderCompiler.exe after 0.05 seconds
Refreshing native plugins compatible for Editor in 0.20 ms, found 0 plugins.
Preloading 0 native plugins for Editor in 0.00 ms.
Unloading 1128 Unused Serialized files (Serialized files now loaded: 0)
System memory in use before: 59.4 MB.
System memory in use after: 59.5 MB.

Unloading 10 unused Assets to reduce memory usage. Loaded Objects now: 1571.
Total: 2.470200 ms (FindLiveObjects: 0.115200 ms CreateObjectMapping: 0.035100 ms MarkObjects: 2.027500 ms  DeleteObjects: 0.291100 ms)

========================================================================
Received Import Request.
  path: Assets
  artifactKey: Guid(00000000000000001000000000000000) Importer(815301076,1909f56bfc062723c751e8b465ee728b)
Start importing Assets using Guid(00000000000000001000000000000000) Importer(815301076,1909f56bfc062723c751e8b465ee728b)  -> (artifact id: '42d402b061de3733987d63b9cc3b64de') in 0.008991 seconds
  Import took 0.010601 seconds .

========================================================================
Received Import Request.
  Time since last request: 0.996406 seconds.
  path: Assets/Script
  artifactKey: Guid(998cc24cef48bd14388d822fde223be4) Importer(815301076,1909f56bfc062723c751e8b465ee728b)
Start importing Assets/Script using Guid(998cc24cef48bd14388d822fde223be4) Importer(815301076,1909f56bfc062723c751e8b465ee728b)  -> (artifact id: 'eb94c5e4458f8b69d0543015f5ea8d4a') in 0.008179 seconds
  Import took 0.012828 seconds .

========================================================================
Received Import Request.
  Time since last request: 23.738203 seconds.
  path: Assets/Script/LoadScene.cs
  artifactKey: Guid(414dcb27636f2c545be38c8a8653a628) Importer(815301076,1909f56bfc062723c751e8b465ee728b)
Start importing Assets/Script/LoadScene.cs using Guid(414dcb27636f2c545be38c8a8653a628) Importer(815301076,1909f56bfc062723c751e8b465ee728b)  -> (artifact id: '54ca4ce872bdb3c2b89f95c203e5afb3') in 0.024684 seconds
  Import took 0.031726 seconds .

========================================================================
Received Prepare
Registering precompiled user dll's ...
Registered in 0.000528 seconds.
Begin MonoManager ReloadAssembly
Native extension for WindowsStandalone target not found
Refreshing native plugins compatible for Editor in 0.16 ms, found 0 plugins.
Preloading 0 native plugins for Editor in 0.00 ms.
Mono: successfully reloaded assembly
- Completed reload, in  0.651 seconds
Platform modules already initialized, skipping
Refreshing native plugins compatible for Editor in 0.18 ms, found 0 plugins.
Preloading 0 native plugins for Editor in 0.00 ms.
Unloading 1111 Unused Serialized files (Serialized files now loaded: 0)
System memory in use before: 58.2 MB.
System memory in use after: 58.2 MB.

Unloading 5 unused Assets to reduce memory usage. Loaded Objects now: 1575.
Total: 1.354500 ms (FindLiveObjects: 0.113900 ms CreateObjectMapping: 0.038400 ms MarkObjects: 1.155400 ms  DeleteObjects: 0.045900 ms)

========================================================================
Received Prepare
Registering precompiled user dll's ...
Registered in 0.000743 seconds.
Begin MonoManager ReloadAssembly
Native extension for WindowsStandalone target not found
Refreshing native plugins compatible for Editor in 0.16 ms, found 0 plugins.
Preloading 0 native plugins for Editor in 0.00 ms.
Mono: successfully reloaded assembly
- Completed reload, in  0.678 seconds
Platform modules already initialized, skipping
Refreshing native plugins compatible for Editor in 0.17 ms, found 0 plugins.
Preloading 0 native plugins for Editor in 0.00 ms.
Unloading 1111 Unused Serialized files (Serialized files now loaded: 0)
System memory in use before: 58.2 MB.
System memory in use after: 58.3 MB.

Unloading 5 unused Assets to reduce memory usage. Loaded Objects now: 1578.
Total: 1.204200 ms (FindLiveObjects: 0.093800 ms CreateObjectMapping: 0.024500 ms MarkObjects: 1.045900 ms  DeleteObjects: 0.039300 ms)

========================================================================
Received Import Request.
  Time since last request: 36.411270 seconds.
  path: Assets/Script/LoadScene.cs
  artifactKey: Guid(414dcb27636f2c545be38c8a8653a628) Importer(815301076,1909f56bfc062723c751e8b465ee728b)
Start importing Assets/Script/LoadScene.cs using Guid(414dcb27636f2c545be38c8a8653a628) Importer(815301076,1909f56bfc062723c751e8b465ee728b)  -> (artifact id: '4c3aa32780d54097ff8f70f13e8b10ed') in 0.003649 seconds
  Import took 0.005084 seconds .

========================================================================
Received Import Request.
  Time since last request: 85.275449 seconds.
  path: Assets/Scenes/SampleScene.unity
  artifactKey: Guid(9fc0d4010bbf28b4594072e72b8655ab) Importer(815301076,1909f56bfc062723c751e8b465ee728b)
Start importing Assets/Scenes/SampleScene.unity using Guid(9fc0d4010bbf28b4594072e72b8655ab) Importer(815301076,1909f56bfc062723c751e8b465ee728b)  -> (artifact id: '85059f4f9e1a832ed95adaa0d25c5c4c') in 0.016890 seconds
  Import took 0.029905 seconds .

========================================================================
Received Import Request.
  Time since last request: 16.131825 seconds.
  path: Assets/Scenes/scene1.unity
  artifactKey: Guid(9fc0d4010bbf28b4594072e72b8655ab) Importer(815301076,1909f56bfc062723c751e8b465ee728b)
Start importing Assets/Scenes/scene1.unity using Guid(9fc0d4010bbf28b4594072e72b8655ab) Importer(815301076,1909f56bfc062723c751e8b465ee728b)  -> (artifact id: '9acd71abc122943181a3270d8565dc38') in 0.008239 seconds
  Import took 0.015409 seconds .

========================================================================
Received Import Request.
  Time since last request: 6.994446 seconds.
  path: Assets/Scenes
  artifactKey: Guid(6cdf6e2dc5db5db41813f79b0a20bd63) Importer(815301076,1909f56bfc062723c751e8b465ee728b)
Start importing Assets/Scenes using Guid(6cdf6e2dc5db5db41813f79b0a20bd63) Importer(815301076,1909f56bfc062723c751e8b465ee728b)  -> (artifact id: '31b53302f5d55b7ef6b792b7499690d3') in 0.012205 seconds
  Import took 0.013965 seconds .

========================================================================
Received Import Request.
  Time since last request: 130.054963 seconds.
  path: Assets/Script/PlayerController.cs
  artifactKey: Guid(8eb90a4288673b24996d232ac3cb1f4c) Importer(815301076,1909f56bfc062723c751e8b465ee728b)
Start importing Assets/Script/PlayerController.cs using Guid(8eb90a4288673b24996d232ac3cb1f4c) Importer(815301076,1909f56bfc062723c751e8b465ee728b)  -> (artifact id: '291cf9412e4fd172ec53fa922cf4f67b') in 0.004395 seconds
  Import took 0.006648 seconds .

========================================================================
Received Prepare
Registering precompiled user dll's ...
Registered in 0.000593 seconds.
Begin MonoManager ReloadAssembly
Native extension for WindowsStandalone target not found
Refreshing native plugins compatible for Editor in 0.16 ms, found 0 plugins.
Preloading 0 native plugins for Editor in 0.00 ms.
Mono: successfully reloaded assembly
- Completed reload, in  0.708 seconds
Platform modules already initialized, skipping
Refreshing native plugins compatible for Editor in 0.17 ms, found 0 plugins.
Preloading 0 native plugins for Editor in 0.00 ms.
Unloading 1112 Unused Serialized files (Serialized files now loaded: 0)
System memory in use before: 58.2 MB.
System memory in use after: 58.3 MB.

Unloading 5 unused Assets to reduce memory usage. Loaded Objects now: 1582.
Total: 1.254100 ms (FindLiveObjects: 0.087200 ms CreateObjectMapping: 0.023900 ms MarkObjects: 1.104400 ms  DeleteObjects: 0.038000 ms)

========================================================================
Received Prepare
Registering precompiled user dll's ...
Registered in 0.000885 seconds.
Begin MonoManager ReloadAssembly
Native extension for WindowsStandalone target not found
Refreshing native plugins compatible for Editor in 0.17 ms, found 0 plugins.
Preloading 0 native plugins for Editor in 0.00 ms.
Mono: successfully reloaded assembly
- Completed reload, in  0.682 seconds
Platform modules already initialized, skipping
Refreshing native plugins compatible for Editor in 0.16 ms, found 0 plugins.
Preloading 0 native plugins for Editor in 0.00 ms.
Unloading 1112 Unused Serialized files (Serialized files now loaded: 0)
System memory in use before: 58.3 MB.
System memory in use after: 58.3 MB.

Unloading 5 unused Assets to reduce memory usage. Loaded Objects now: 1585.
Total: 1.238300 ms (FindLiveObjects: 0.099000 ms CreateObjectMapping: 0.026300 ms MarkObjects: 1.073800 ms  DeleteObjects: 0.038200 ms)

========================================================================
Received Import Request.
  Time since last request: 20.191039 seconds.
  path: Assets/Script/PlayerController.cs
  artifactKey: Guid(8eb90a4288673b24996d232ac3cb1f4c) Importer(815301076,1909f56bfc062723c751e8b465ee728b)
Start importing Assets/Script/PlayerController.cs using Guid(8eb90a4288673b24996d232ac3cb1f4c) Importer(815301076,1909f56bfc062723c751e8b465ee728b)  -> (artifact id: '853b1cde78d733aea72d42179053df7c') in 0.003396 seconds
  Import took 0.004796 seconds .

========================================================================
Received Import Request.
  Time since last request: 42.742045 seconds.
  path: Assets/Scenes/scene1.unity
  artifactKey: Guid(9fc0d4010bbf28b4594072e72b8655ab) Importer(815301076,1909f56bfc062723c751e8b465ee728b)
Start importing Assets/Scenes/scene1.unity using Guid(9fc0d4010bbf28b4594072e72b8655ab) Importer(815301076,1909f56bfc062723c751e8b465ee728b)  -> (artifact id: '7855b3615a07a182418b58ef2aee0f26') in 0.009068 seconds
  Import took 0.017107 seconds .

========================================================================
Received Import Request.
  Time since last request: 7.147955 seconds.
  path: Assets/Scenes/scene1 1.unity
  artifactKey: Guid(913334c148f907940b56b1c06d0afb4f) Importer(815301076,1909f56bfc062723c751e8b465ee728b)
Start importing Assets/Scenes/scene1 1.unity using Guid(913334c148f907940b56b1c06d0afb4f) Importer(815301076,1909f56bfc062723c751e8b465ee728b)  -> (artifact id: 'b9ff4957c50f1ebbe8d5440a7c0fe441') in 0.007457 seconds
  Import took 0.009218 seconds .

========================================================================
Received Import Request.
  Time since last request: 4.919382 seconds.
  path: Assets/Scenes/scene2.unity
  artifactKey: Guid(913334c148f907940b56b1c06d0afb4f) Importer(815301076,1909f56bfc062723c751e8b465ee728b)
Start importing Assets/Scenes/scene2.unity using Guid(913334c148f907940b56b1c06d0afb4f) Importer(815301076,1909f56bfc062723c751e8b465ee728b)  -> (artifact id: '74fb9d3a1c0a8c6a9226daa1381f01eb') in 0.009231 seconds
  Import took 0.019142 seconds .

========================================================================
Received Import Request.
  Time since last request: 3.791360 seconds.
  path: Assets/Scenes/scene1.unity
  artifactKey: Guid(9fc0d4010bbf28b4594072e72b8655ab) Importer(815301076,1909f56bfc062723c751e8b465ee728b)
Start importing Assets/Scenes/scene1.unity using Guid(9fc0d4010bbf28b4594072e72b8655ab) Importer(815301076,1909f56bfc062723c751e8b465ee728b)  -> (artifact id: '447757f8e05f85196307fd1e05036da0') in 0.005193 seconds
  Import took 0.007237 seconds .

========================================================================
Received Import Request.
  Time since last request: 35.003208 seconds.
  path: Assets/Script/PositionSave.cs
  artifactKey: Guid(efc72cbaf6c6cf6449e173c441e7cb47) Importer(815301076,1909f56bfc062723c751e8b465ee728b)
Start importing Assets/Script/PositionSave.cs using Guid(efc72cbaf6c6cf6449e173c441e7cb47) Importer(815301076,1909f56bfc062723c751e8b465ee728b)  -> (artifact id: '79b96235ee06db97f222952415573821') in 0.005628 seconds
  Import took 0.007419 seconds .

========================================================================
Received Prepare
Registering precompiled user dll's ...
Registered in 0.000579 seconds.
Begin MonoManager ReloadAssembly
Native extension for WindowsStandalone target not found
Refreshing native plugins compatible for Editor in 0.18 ms, found 0 plugins.
Preloading 0 native plugins for Editor in 0.00 ms.
Mono: successfully reloaded assembly
- Completed reload, in  0.672 seconds
Platform modules already initialized, skipping
Refreshing native plugins compatible for Editor in 0.16 ms, found 0 plugins.
Preloading 0 native plugins for Editor in 0.00 ms.
Unloading 1113 Unused Serialized files (Serialized files now loaded: 0)
System memory in use before: 58.3 MB.
System memory in use after: 58.4 MB.

Unloading 5 unused Assets to reduce memory usage. Loaded Objects now: 1589.
Total: 1.386100 ms (FindLiveObjects: 0.092500 ms CreateObjectMapping: 0.025400 ms MarkObjects: 1.227800 ms  DeleteObjects: 0.039800 ms)

========================================================================
Received Prepare
Registering precompiled user dll's ...
Registered in 0.000855 seconds.
Begin MonoManager ReloadAssembly
Native extension for WindowsStandalone target not found
Refreshing native plugins compatible for Editor in 0.16 ms, found 0 plugins.
Preloading 0 native plugins for Editor in 0.00 ms.
Mono: successfully reloaded assembly
- Completed reload, in  0.664 seconds
Platform modules already initialized, skipping
Refreshing native plugins compatible for Editor in 0.17 ms, found 0 plugins.
Preloading 0 native plugins for Editor in 0.00 ms.
Unloading 1113 Unused Serialized files (Serialized files now loaded: 0)
System memory in use before: 58.3 MB.
System memory in use after: 58.4 MB.

Unloading 5 unused Assets to reduce memory usage. Loaded Objects now: 1592.
Total: 1.261500 ms (FindLiveObjects: 0.089000 ms CreateObjectMapping: 0.023100 ms MarkObjects: 1.108000 ms  DeleteObjects: 0.040500 ms)

========================================================================
Received Import Request.
  Time since last request: 17.553709 seconds.
  path: Assets/Script/PositionSave.cs
  artifactKey: Guid(efc72cbaf6c6cf6449e173c441e7cb47) Importer(815301076,1909f56bfc062723c751e8b465ee728b)
Start importing Assets/Script/PositionSave.cs using Guid(efc72cbaf6c6cf6449e173c441e7cb47) Importer(815301076,1909f56bfc062723c751e8b465ee728b)  -> (artifact id: 'f5ef55de1f3e4cbb5450f3f4dbc4b119') in 0.004242 seconds
  Import took 0.005743 seconds .

========================================================================
Received Import Request.
  Time since last request: 88.629093 seconds.
  path: Assets/Scenes/scene1.unity
  artifactKey: Guid(9fc0d4010bbf28b4594072e72b8655ab) Importer(815301076,1909f56bfc062723c751e8b465ee728b)
Start importing Assets/Scenes/scene1.unity using Guid(9fc0d4010bbf28b4594072e72b8655ab) Importer(815301076,1909f56bfc062723c751e8b465ee728b)  -> (artifact id: '0863404c1f948e9e062ad0961d972230') in 0.013010 seconds
  Import took 0.020781 seconds .

========================================================================
Received Prepare
Registering precompiled user dll's ...
Registered in 0.000529 seconds.
Begin MonoManager ReloadAssembly
Native extension for WindowsStandalone target not found
Refreshing native plugins compatible for Editor in 0.17 ms, found 0 plugins.
Preloading 0 native plugins for Editor in 0.00 ms.
Mono: successfully reloaded assembly
- Completed reload, in  0.682 seconds
Platform modules already initialized, skipping
Refreshing native plugins compatible for Editor in 0.16 ms, found 0 plugins.
Preloading 0 native plugins for Editor in 0.00 ms.
Unloading 1113 Unused Serialized files (Serialized files now loaded: 0)
System memory in use before: 58.3 MB.
System memory in use after: 58.4 MB.

Unloading 5 unused Assets to reduce memory usage. Loaded Objects now: 1595.
Total: 1.353800 ms (FindLiveObjects: 0.096100 ms CreateObjectMapping: 0.028800 ms MarkObjects: 1.190500 ms  DeleteObjects: 0.037500 ms)

========================================================================
Received Prepare
Registering precompiled user dll's ...
Registered in 0.000673 seconds.
Begin MonoManager ReloadAssembly
Native extension for WindowsStandalone target not found
Refreshing native plugins compatible for Editor in 0.16 ms, found 0 plugins.
Preloading 0 native plugins for Editor in 0.00 ms.
Mono: successfully reloaded assembly
- Completed reload, in  0.655 seconds
Platform modules already initialized, skipping
Refreshing native plugins compatible for Editor in 0.17 ms, found 0 plugins.
Preloading 0 native plugins for Editor in 0.00 ms.
Unloading 1113 Unused Serialized files (Serialized files now loaded: 0)
System memory in use before: 58.3 MB.
System memory in use after: 58.4 MB.

Unloading 5 unused Assets to reduce memory usage. Loaded Objects now: 1598.
Total: 1.358000 ms (FindLiveObjects: 0.114200 ms CreateObjectMapping: 0.028900 ms MarkObjects: 1.154700 ms  DeleteObjects: 0.058300 ms)

========================================================================
Received Import Request.
  Time since last request: 290.314424 seconds.
  path: Assets/Scenes/scene2.unity
  artifactKey: Guid(913334c148f907940b56b1c06d0afb4f) Importer(815301076,1909f56bfc062723c751e8b465ee728b)
Start importing Assets/Scenes/scene2.unity using Guid(913334c148f907940b56b1c06d0afb4f) Importer(815301076,1909f56bfc062723c751e8b465ee728b)  -> (artifact id: '149e3de95dc89bd779c97984f514b592') in 0.010684 seconds
  Import took 0.022055 seconds .

========================================================================
Received Import Request.
  Time since last request: 76.345659 seconds.
  path: Assets/Scenes/scene1.unity
  artifactKey: Guid(9fc0d4010bbf28b4594072e72b8655ab) Importer(815301076,1909f56bfc062723c751e8b465ee728b)
Start importing Assets/Scenes/scene1.unity using Guid(9fc0d4010bbf28b4594072e72b8655ab) Importer(815301076,1909f56bfc062723c751e8b465ee728b)  -> (artifact id: '396034460f4be194d0ec8669fa74fc06') in 0.002050 seconds
  Import took 0.013401 seconds .

========================================================================
Received Prepare
Registering precompiled user dll's ...
Registered in 0.000563 seconds.
Begin MonoManager ReloadAssembly
Native extension for WindowsStandalone target not found
Refreshing native plugins compatible for Editor in 0.43 ms, found 0 plugins.
Preloading 0 native plugins for Editor in 0.00 ms.
Mono: successfully reloaded assembly
- Completed reload, in  0.780 seconds
Platform modules already initialized, skipping
Refreshing native plugins compatible for Editor in 0.17 ms, found 0 plugins.
Preloading 0 native plugins for Editor in 0.00 ms.
Unloading 1113 Unused Serialized files (Serialized files now loaded: 0)
System memory in use before: 58.3 MB.
System memory in use after: 58.4 MB.

Unloading 5 unused Assets to reduce memory usage. Loaded Objects now: 1601.
Total: 1.404200 ms (FindLiveObjects: 0.108200 ms CreateObjectMapping: 0.029500 ms MarkObjects: 1.223800 ms  DeleteObjects: 0.041900 ms)

========================================================================
Received Import Request.
  Time since last request: 84.618096 seconds.
  path: Assets/Scenes/scene2.unity
  artifactKey: Guid(913334c148f907940b56b1c06d0afb4f) Importer(815301076,1909f56bfc062723c751e8b465ee728b)
Start importing Assets/Scenes/scene2.unity using Guid(913334c148f907940b56b1c06d0afb4f) Importer(815301076,1909f56bfc062723c751e8b465ee728b)  -> (artifact id: '09f14f9dec475bd4d2254bf788b596f7') in 0.011208 seconds
  Import took 0.012849 seconds .

========================================================================
Received Prepare
Registering precompiled user dll's ...
Registered in 0.000674 seconds.
Begin MonoManager ReloadAssembly
Native extension for WindowsStandalone target not found
Refreshing native plugins compatible for Editor in 0.16 ms, found 0 plugins.
Preloading 0 native plugins for Editor in 0.00 ms.
Mono: successfully reloaded assembly
- Completed reload, in  0.653 seconds
Platform modules already initialized, skipping
Refreshing native plugins compatible for Editor in 0.16 ms, found 0 plugins.
Preloading 0 native plugins for Editor in 0.00 ms.
Unloading 1113 Unused Serialized files (Serialized files now loaded: 0)
System memory in use before: 58.4 MB.
System memory in use after: 58.4 MB.

Unloading 5 unused Assets to reduce memory usage. Loaded Objects now: 1604.
Total: 1.340400 ms (FindLiveObjects: 0.087800 ms CreateObjectMapping: 0.023700 ms MarkObjects: 1.188600 ms  DeleteObjects: 0.039600 ms)

========================================================================
Received Prepare
Registering precompiled user dll's ...
Registered in 0.000509 seconds.
Begin MonoManager ReloadAssembly
Native extension for WindowsStandalone target not found
Refreshing native plugins compatible for Editor in 0.22 ms, found 0 plugins.
Preloading 0 native plugins for Editor in 0.00 ms.
Mono: successfully reloaded assembly
- Completed reload, in  0.637 seconds
Platform modules already initialized, skipping
Refreshing native plugins compatible for Editor in 0.18 ms, found 0 plugins.
Preloading 0 native plugins for Editor in 0.00 ms.
Unloading 1113 Unused Serialized files (Serialized files now loaded: 0)
System memory in use before: 58.4 MB.
System memory in use after: 58.4 MB.

Unloading 5 unused Assets to reduce memory usage. Loaded Objects now: 1607.
Total: 1.191900 ms (FindLiveObjects: 0.089700 ms CreateObjectMapping: 0.025400 ms MarkObjects: 1.040200 ms  DeleteObjects: 0.035700 ms)

========================================================================
Received Import Request.
  Time since last request: 84.396722 seconds.
  path: Assets/Scenes/scene2.unity
  artifactKey: Guid(913334c148f907940b56b1c06d0afb4f) Importer(815301076,1909f56bfc062723c751e8b465ee728b)
Start importing Assets/Scenes/scene2.unity using Guid(913334c148f907940b56b1c06d0afb4f) Importer(815301076,1909f56bfc062723c751e8b465ee728b)  -> (artifact id: 'f40467eb58a8c64995ccfc05a27ba53b') in 0.011727 seconds
  Import took 0.013343 seconds .

========================================================================
Received Prepare
Registering precompiled user dll's ...
Registered in 0.000747 seconds.
Begin MonoManager ReloadAssembly
Native extension for WindowsStandalone target not found
Refreshing native plugins compatible for Editor in 0.17 ms, found 0 plugins.
Preloading 0 native plugins for Editor in 0.00 ms.
Mono: successfully reloaded assembly
- Completed reload, in  0.691 seconds
Platform modules already initialized, skipping
Refreshing native plugins compatible for Editor in 0.17 ms, found 0 plugins.
Preloading 0 native plugins for Editor in 0.00 ms.
Unloading 1113 Unused Serialized files (Serialized files now loaded: 0)
System memory in use before: 58.4 MB.
System memory in use after: 58.4 MB.

Unloading 5 unused Assets to reduce memory usage. Loaded Objects now: 1610.
Total: 1.266100 ms (FindLiveObjects: 0.094800 ms CreateObjectMapping: 0.025800 ms MarkObjects: 1.104400 ms  DeleteObjects: 0.040400 ms)

========================================================================
Received Prepare
Registering precompiled user dll's ...
Registered in 0.000610 seconds.
Begin MonoManager ReloadAssembly
Native extension for WindowsStandalone target not found
Refreshing native plugins compatible for Editor in 0.16 ms, found 0 plugins.
Preloading 0 native plugins for Editor in 0.00 ms.
Mono: successfully reloaded assembly
- Completed reload, in  0.660 seconds
Platform modules already initialized, skipping
Refreshing native plugins compatible for Editor in 0.16 ms, found 0 plugins.
Preloading 0 native plugins for Editor in 0.00 ms.
Unloading 1113 Unused Serialized files (Serialized files now loaded: 0)
System memory in use before: 58.4 MB.
System memory in use after: 58.5 MB.

Unloading 5 unused Assets to reduce memory usage. Loaded Objects now: 1613.
Total: 1.239900 ms (FindLiveObjects: 0.092000 ms CreateObjectMapping: 0.025800 ms MarkObjects: 1.085400 ms  DeleteObjects: 0.036200 ms)

========================================================================
Received Prepare
Registering precompiled user dll's ...
Registered in 0.000560 seconds.
Begin MonoManager ReloadAssembly
Native extension for WindowsStandalone target not found
Refreshing native plugins compatible for Editor in 0.16 ms, found 0 plugins.
Preloading 0 native plugins for Editor in 0.00 ms.
Mono: successfully reloaded assembly
- Completed reload, in  0.663 seconds
Platform modules already initialized, skipping
Refreshing native plugins compatible for Editor in 0.17 ms, found 0 plugins.
Preloading 0 native plugins for Editor in 0.00 ms.
Unloading 1113 Unused Serialized files (Serialized files now loaded: 0)
System memory in use before: 58.4 MB.
System memory in use after: 58.5 MB.

Unloading 5 unused Assets to reduce memory usage. Loaded Objects now: 1616.
Total: 1.346200 ms (FindLiveObjects: 0.092000 ms CreateObjectMapping: 0.027600 ms MarkObjects: 1.147100 ms  DeleteObjects: 0.078700 ms)

========================================================================
Received Prepare
Registering precompiled user dll's ...
Registered in 0.000632 seconds.
Begin MonoManager ReloadAssembly
Native extension for WindowsStandalone target not found
Refreshing native plugins compatible for Editor in 0.18 ms, found 0 plugins.
Preloading 0 native plugins for Editor in 0.00 ms.
Mono: successfully reloaded assembly
- Completed reload, in  0.645 seconds
Platform modules already initialized, skipping
Refreshing native plugins compatible for Editor in 0.20 ms, found 0 plugins.
Preloading 0 native plugins for Editor in 0.00 ms.
Unloading 1113 Unused Serialized files (Serialized files now loaded: 0)
System memory in use before: 58.4 MB.
System memory in use after: 58.5 MB.

Unloading 5 unused Assets to reduce memory usage. Loaded Objects now: 1619.
Total: 1.354300 ms (FindLiveObjects: 0.099300 ms CreateObjectMapping: 0.029100 ms MarkObjects: 1.144700 ms  DeleteObjects: 0.080600 ms)

========================================================================
Received Import Request.
  Time since last request: 680.363830 seconds.
  path: Assets/Scenes/scene2.unity
  artifactKey: Guid(913334c148f907940b56b1c06d0afb4f) Importer(815301076,1909f56bfc062723c751e8b465ee728b)
Start importing Assets/Scenes/scene2.unity using Guid(913334c148f907940b56b1c06d0afb4f) Importer(815301076,1909f56bfc062723c751e8b465ee728b)  -> (artifact id: '0a66ff9ee07cdce9ec495490322b8145') in 0.009290 seconds
  Import took 0.010790 seconds .

========================================================================
Received Import Request.
  Time since last request: 0.001979 seconds.
  path: Assets/Scenes/scene2.unity
  artifactKey: Guid(913334c148f907940b56b1c06d0afb4f) Importer(815301076,1909f56bfc062723c751e8b465ee728b)
Start importing Assets/Scenes/scene2.unity using Guid(913334c148f907940b56b1c06d0afb4f) Importer(815301076,1909f56bfc062723c751e8b465ee728b)  -> (artifact id: '0a66ff9ee07cdce9ec495490322b8145') in 0.002764 seconds
  Import took 0.004307 seconds .

AssetImportWorkerClient::OnTransportError - code=2 error=End of file
